Change Component Designator: OldDesignator=C2 NewDesignator=C3
Change Component Designator: OldDesignator=C3 NewDesignator=C4
Change Component Designator: OldDesignator=L? NewDesignator=L1
Added Component: Designator=C1(WCAP-PSHP_D8H8.7)
Add component (AddParameter): Name = "Capacitance"; Value = "6.8uF"; VariantName = "[No Variations]"
Add component (AddParameter): Name = "Capacitance Tolerance"; Value = "+/-20%"; VariantName = "[No Variations]"
Add component (AddParameter): Name = "ComponentLink1Description"; Value = "Manufacturer"; VariantName = "[No Variations]"
Add component (AddParameter): Name = "ComponentLink1URL"; Value = "http://www.we-online.de"; VariantName = "[No Variations]"
Add component (AddParameter): Name = "ComponentLink2Description"; Value = "Datasheet"; VariantName = "[No Variations]"
Add component (AddParameter): Name = "ComponentLink2URL"; Value = "https://www.we-online.com/catalog/datasheet/875115952001.pdf"; VariantName = "[No Variations]"
Add component (AddParameter): Name = "Diameter"; Value = "8mm"; VariantName = "[No Variations]"
Add component (AddParameter): Name = "Dissipation Factor"; Value = "12%"; VariantName = "[No Variations]"
Add component (AddParameter): Name = "Endurance"; Value = "2000h"; VariantName = "[No Variations]"
Add component (AddParameter): Name = "ESR"; Value = "48mOhm"; VariantName = "[No Variations]"
Add component (AddParameter): Name = "Height"; Value = "8.7mm"; VariantName = "[No Variations]"
Add component (AddParameter): Name = "Leakage Current"; Value = "136uA"; VariantName = "[No Variations]"
Add component (AddParameter): Name = "Manufacturer"; Value = "Wurth Elektronik"; VariantName = "[No Variations]"
Add component (AddParameter): Name = "Manufacturer Part Number"; Value = "875115952001"; VariantName = "[No Variations]"
Add component (AddParameter): Name = "Mounting Technology"; Value = "SMT"; VariantName = "[No Variations]"
Add component (AddParameter): Name = "Operating Temperature"; Value = "-55 to +105degC"; VariantName = "[No Variations]"
Add component (AddParameter): Name = "Packaging"; Value = "Tape and Reel"; VariantName = "[No Variations]"
Add component (AddParameter): Name = "Published Date"; Value = "October 2020"; VariantName = "[No Variations]"
Add component (AddParameter): Name = "Rated Voltage"; Value = "100VDC"; VariantName = "[No Variations]"
Add component (AddParameter): Name = "Ripple Current"; Value = "1500mA"; VariantName = "[No Variations]"
Add component (AddParameter): Name = "Technical Reference"; Value = "PSEE0876R8M100DVCTEB000"; VariantName = "[No Variations]"
Added Component: Designator=C2(WCAP-PSHP_D8H8.7)
Add component (AddParameter): Name = "Capacitance"; Value = "6.8uF"; VariantName = "[No Variations]"
Add component (AddParameter): Name = "Capacitance Tolerance"; Value = "+/-20%"; VariantName = "[No Variations]"
Add component (AddParameter): Name = "ComponentLink1Description"; Value = "Manufacturer"; VariantName = "[No Variations]"
Add component (AddParameter): Name = "ComponentLink1URL"; Value = "http://www.we-online.de"; VariantName = "[No Variations]"
Add component (AddParameter): Name = "ComponentLink2Description"; Value = "Datasheet"; VariantName = "[No Variations]"
Add component (AddParameter): Name = "ComponentLink2URL"; Value = "https://www.we-online.com/catalog/datasheet/875115952001.pdf"; VariantName = "[No Variations]"
Add component (AddParameter): Name = "Diameter"; Value = "8mm"; VariantName = "[No Variations]"
Add component (AddParameter): Name = "Dissipation Factor"; Value = "12%"; VariantName = "[No Variations]"
Add component (AddParameter): Name = "Endurance"; Value = "2000h"; VariantName = "[No Variations]"
Add component (AddParameter): Name = "ESR"; Value = "48mOhm"; VariantName = "[No Variations]"
Add component (AddParameter): Name = "Height"; Value = "8.7mm"; VariantName = "[No Variations]"
Add component (AddParameter): Name = "Leakage Current"; Value = "136uA"; VariantName = "[No Variations]"
Add component (AddParameter): Name = "Manufacturer"; Value = "Wurth Elektronik"; VariantName = "[No Variations]"
Add component (AddParameter): Name = "Manufacturer Part Number"; Value = "875115952001"; VariantName = "[No Variations]"
Add component (AddParameter): Name = "Mounting Technology"; Value = "SMT"; VariantName = "[No Variations]"
Add component (AddParameter): Name = "Operating Temperature"; Value = "-55 to +105degC"; VariantName = "[No Variations]"
Add component (AddParameter): Name = "Packaging"; Value = "Tape and Reel"; VariantName = "[No Variations]"
Add component (AddParameter): Name = "Published Date"; Value = "October 2020"; VariantName = "[No Variations]"
Add component (AddParameter): Name = "Rated Voltage"; Value = "100VDC"; VariantName = "[No Variations]"
Add component (AddParameter): Name = "Ripple Current"; Value = "1500mA"; VariantName = "[No Variations]"
Add component (AddParameter): Name = "Technical Reference"; Value = "PSEE0876R8M100DVCTEB000"; VariantName = "[No Variations]"
Added Pin To Net: NetName=27V Pin=C1-1
Added Pin To Net: NetName=GND Pin=C1-2
Added Pin To Net: NetName=5v Pin=C2-1
Added Pin To Net: NetName=GND Pin=C2-2
Added Member To Class: ClassName=SCH_HVKQ_Mr_THANG Member=Component ? 430456073736
Added Member To Class: ClassName=SCH_HVKQ_Mr_THANG Member=Component ? 430456073736
Added Member To Class: ClassName=SCH_HVKQ_Mr_THANG Member=Component ? 430456073736
Added Member To Class: ClassName=SCH_HVKQ_Mr_THANG Member=Component ? 430456073736
Added Member To Class: ClassName=SCH_HVKQ_Mr_THANG Member=Component ? 430456073736
Added Member To Class: ClassName=SCH_HVKQ_Mr_THANG Member=Component ? 430456073736
Added Member To Class: ClassName=SCH_HVKQ_Mr_THANG Member=Component ? 430456073736
Added Member To Class: ClassName=SCH_HVKQ_Mr_THANG Member=Component ? 430456073736
Added Member To Class: ClassName=SCH_HVKQ_Mr_THANG Member=Component ? 430456073736
Added Member To Class: ClassName=SCH_HVKQ_Mr_THANG Member=Component C1 6.8uF, 100V
Added Member To Class: ClassName=SCH_HVKQ_Mr_THANG Member=Component C4 10uF, 6.3V
Added Room: Name=SCH_HVKQ_Mr_THANG
