Added Component: Designator=L?(WE-PD HV_1210)
Add component (AddParameter): Name = "Case/Size Code"; Value = "1210"; VariantName = "[No Variations]"
Add component (AddParameter): Name = "Category"; Value = "High Voltage Power Inductors"; VariantName = "[No Variations]"
Add component (AddParameter): Name = "ComponentLink1Description"; Value = "Website Link"; VariantName = "[No Variations]"
Add component (AddParameter): Name = "ComponentLink1URL"; Value = "https://www.we-online.com/redexpert/article/7687709471?ad"; VariantName = "[No Variations]"
Add component (AddParameter): Name = "ComponentLink2Description"; Value = "Datasheet Link"; VariantName = "[No Variations]"
Add component (AddParameter): Name = "ComponentLink2URL"; Value = "https://www.we-online.com/redexpert/spec/7687709471?ad"; VariantName = "[No Variations]"
Add component (AddParameter): Name = "DC Resistance"; Value = "0.68O"; VariantName = "[No Variations]"
Add component (AddParameter): Name = "DC Resistance Max"; Value = "0.8O"; VariantName = "[No Variations]"
Add component (AddParameter): Name = "Height"; Value = "10.5mm"; VariantName = "[No Variations]"
Add component (AddParameter): Name = "Inductance"; Value = "470µH"; VariantName = "[No Variations]"
Add component (AddParameter): Name = "Length"; Value = "12mm"; VariantName = "[No Variations]"
Add component (AddParameter): Name = "Manufacturer"; Value = "Wurth Elektronik"; VariantName = "[No Variations]"
Add component (AddParameter): Name = "Manufacturer Part Number"; Value = "7687709471"; VariantName = "[No Variations]"
Add component (AddParameter): Name = "Match Code"; Value = "WE-PD HV"; VariantName = "[No Variations]"
Add component (AddParameter): Name = "Mount"; Value = "Surface Mount"; VariantName = "[No Variations]"
Add component (AddParameter): Name = "Operating Temperature Max"; Value = "125°C"; VariantName = "[No Variations]"
Add component (AddParameter): Name = "Operating Temperature Min"; Value = "-40°C"; VariantName = "[No Variations]"
Add component (AddParameter): Name = "Operating Voltage (DC)"; Value = "400V"; VariantName = "[No Variations]"
Add component (AddParameter): Name = "Packaging"; Value = "Tape and Reel"; VariantName = "[No Variations]"
Add component (AddParameter): Name = "Rated Current"; Value = "0.97A"; VariantName = "[No Variations]"
Add component (AddParameter): Name = "Saturation Current"; Value = "1.4A"; VariantName = "[No Variations]"
Add component (AddParameter): Name = "Self Resonant Frequency"; Value = "1.9MHz"; VariantName = "[No Variations]"
Add component (AddParameter): Name = "Width"; Value = "12mm"; VariantName = "[No Variations]"
Added Pin To Net: NetName=NetD1_2 Pin=L?-1
Added Pin To Net: NetName=5v Pin=L?-2
Added Member To Class: ClassName=SCH_HVKQ_Mr_THANG Member=Component ? 430456073736
Added Member To Class: ClassName=SCH_HVKQ_Mr_THANG Member=Component ? 430456073736
Added Member To Class: ClassName=SCH_HVKQ_Mr_THANG Member=Component ? 430456073736
Added Member To Class: ClassName=SCH_HVKQ_Mr_THANG Member=Component ? 430456073736
Added Member To Class: ClassName=SCH_HVKQ_Mr_THANG Member=Component ? 430456073736
Added Member To Class: ClassName=SCH_HVKQ_Mr_THANG Member=Component ? 430456073736
Added Member To Class: ClassName=SCH_HVKQ_Mr_THANG Member=Component ? 430456073736
Added Member To Class: ClassName=SCH_HVKQ_Mr_THANG Member=Component ? 430456073736
Added Member To Class: ClassName=SCH_HVKQ_Mr_THANG Member=Component ? 430456073736
Added Member To Class: ClassName=SCH_HVKQ_Mr_THANG Member=Component L? 470µH, 0.97A
Added Room: Name=SCH_HVKQ_Mr_THANG
