Removed Pin From Net: NetName=ACT Pin=J10-1
Removed Pin From Net: NetName=- Pin=J10-3
Removed Pin From Net: NetName=+ Pin=J10-4
Removed Member From Class: ClassName=SCH_onelayer Member=*1
Removed Member From Class: ClassName=SCH_onelayer Member=JX1
Removed Member From Class: ClassName=SCH_onelayer Member=JX2
Added Component: Designator=*?(relay 6 pin)
Added Component: Designator=*(G2RL-1-24VDC)
Added Component: Designator=*(relay 6 pin)
Added Component: Designator=1(AML-6-1853531)
Added Component: Designator=2(AML-6-1853531)
Added Component: Designator=3(AML-6-1853531)
Added Component: Designator=4(AML-6-1853531)
Added Component: Designator=D1(DIO-1A)
Add component (AddParameter): Name = "Code - JEDEC"; Value = "DO-214-AB"; VariantName = "[No Variations]"
Add component (AddParameter): Name = "Published"; Value = "8-Jun-2000"; VariantName = "[No Variations]"
Add component (AddParameter): Name = "Publisher"; Value = "Altium Limited"; VariantName = "[No Variations]"
Add component (AddParameter): Name = "Revision"; Value = "July-2002: Re-released for DXP Platform."; VariantName = "[No Variations]"
Add component (AddParameter): Name = "Value"; Value = "1N5007"; VariantName = "[No Variations]"
Added Component: Designator=D2(WL-TMRC_3mm)
Add component (AddParameter): Name = "Chip Technology"; Value = "AlInGaP"; VariantName = "[No Variations]"
Add component (AddParameter): Name = "ComponentLink1Description"; Value = "Manufacturer"; VariantName = "[No Variations]"
Add component (AddParameter): Name = "ComponentLink1URL"; Value = "http://www.we-online.de"; VariantName = "[No Variations]"
Add component (AddParameter): Name = "ComponentLink2Description"; Value = "Datasheet"; VariantName = "[No Variations]"
Add component (AddParameter): Name = "ComponentLink2URL"; Value = "https://katalog.we-online.de/led/datasheet/151031SS04000.pdf"; VariantName = "[No Variations]"
Add component (AddParameter): Name = "Dominant Wavelength"; Value = "635nm"; VariantName = "[No Variations]"
Add component (AddParameter): Name = "Emitting Color"; Value = "Super Red"; VariantName = "[No Variations]"
Add component (AddParameter): Name = "Forward Voltage"; Value = "2V"; VariantName = "[No Variations]"
Add component (AddParameter): Name = "Luminous Intensity"; Value = "160mcd"; VariantName = "[No Variations]"
Add component (AddParameter): Name = "Mounting Technology"; Value = "THT"; VariantName = "[No Variations]"
Add component (AddParameter): Name = "Operating Temperature"; Value = "-40 to +85degC"; VariantName = "[No Variations]"
Add component (AddParameter): Name = "Packaging"; Value = "Bulk"; VariantName = "[No Variations]"
Add component (AddParameter): Name = "Part Number"; Value = "151031SS04000"; VariantName = "[No Variations]"
Add component (AddParameter): Name = "Peak Wavelength"; Value = "640nm"; VariantName = "[No Variations]"
Add component (AddParameter): Name = "Published Date"; Value = "January 2021"; VariantName = "[No Variations]"
Add component (AddParameter): Name = "Publisher"; Value = "Wurth Elektronik"; VariantName = "[No Variations]"
Add component (AddParameter): Name = "Size"; Value = "3mm"; VariantName = "[No Variations]"
Add component (AddParameter): Name = "Viewing Angle"; Value = "40deg"; VariantName = "[No Variations]"
Added Component: Designator=D2(DIO-1A)
Add component (AddParameter): Name = "Code - JEDEC"; Value = "DO-214-AB"; VariantName = "[No Variations]"
Add component (AddParameter): Name = "Published"; Value = "8-Jun-2000"; VariantName = "[No Variations]"
Add component (AddParameter): Name = "Publisher"; Value = "Altium Limited"; VariantName = "[No Variations]"
Add component (AddParameter): Name = "Revision"; Value = "July-2002: Re-released for DXP Platform."; VariantName = "[No Variations]"
Add component (AddParameter): Name = "Value"; Value = "1N5007"; VariantName = "[No Variations]"
Added Component: Designator=D?(DIO-1A)
Add component (AddParameter): Name = "Code - JEDEC"; Value = "DO-214-AB"; VariantName = "[No Variations]"
Add component (AddParameter): Name = "Published"; Value = "8-Jun-2000"; VariantName = "[No Variations]"
Add component (AddParameter): Name = "Publisher"; Value = "Altium Limited"; VariantName = "[No Variations]"
Add component (AddParameter): Name = "Revision"; Value = "July-2002: Re-released for DXP Platform."; VariantName = "[No Variations]"
Add component (AddParameter): Name = "Value"; Value = "1N5007"; VariantName = "[No Variations]"
Added Component: Designator=D?(DIO-1A)
Add component (AddParameter): Name = "Code - JEDEC"; Value = "DO-214-AB"; VariantName = "[No Variations]"
Add component (AddParameter): Name = "Published"; Value = "8-Jun-2000"; VariantName = "[No Variations]"
Add component (AddParameter): Name = "Publisher"; Value = "Altium Limited"; VariantName = "[No Variations]"
Add component (AddParameter): Name = "Revision"; Value = "July-2002: Re-released for DXP Platform."; VariantName = "[No Variations]"
Add component (AddParameter): Name = "Value"; Value = "1N5007"; VariantName = "[No Variations]"
Added Component: Designator=D?(DIO-1A)
Add component (AddParameter): Name = "Code - JEDEC"; Value = "DO-214-AB"; VariantName = "[No Variations]"
Add component (AddParameter): Name = "Published"; Value = "8-Jun-2000"; VariantName = "[No Variations]"
Add component (AddParameter): Name = "Publisher"; Value = "Altium Limited"; VariantName = "[No Variations]"
Add component (AddParameter): Name = "Revision"; Value = "July-2002: Re-released for DXP Platform."; VariantName = "[No Variations]"
Add component (AddParameter): Name = "Value"; Value = "1N5007"; VariantName = "[No Variations]"
Added Component: Designator=D?(DIO-1A)
Add component (AddParameter): Name = "Code - JEDEC"; Value = "DO-214-AB"; VariantName = "[No Variations]"
Add component (AddParameter): Name = "Published"; Value = "8-Jun-2000"; VariantName = "[No Variations]"
Add component (AddParameter): Name = "Publisher"; Value = "Altium Limited"; VariantName = "[No Variations]"
Add component (AddParameter): Name = "Revision"; Value = "July-2002: Re-released for DXP Platform."; VariantName = "[No Variations]"
Add component (AddParameter): Name = "Value"; Value = "1N5007"; VariantName = "[No Variations]"
Added Component: Designator=R1(RES-1/2W)
Add component (AddParameter): Name = "Class"; Value = "Passive"; VariantName = "[No Variations]"
Add component (AddParameter): Name = "Manufacturer"; Value = "Generic Components"; VariantName = "[No Variations]"
Add component (AddParameter): Name = "Published"; Value = "08/06/2000"; VariantName = "[No Variations]"
Add component (AddParameter): Name = "Publisher"; Value = "Altium Hobart Technology Centre"; VariantName = "[No Variations]"
Add component (AddParameter): Name = "SubClass"; Value = "R"; VariantName = "[No Variations]"
Added Component: Designator=R2(RES-1/2W)
Add component (AddParameter): Name = "Class"; Value = "Passive"; VariantName = "[No Variations]"
Add component (AddParameter): Name = "Manufacturer"; Value = "Generic Components"; VariantName = "[No Variations]"
Add component (AddParameter): Name = "Published"; Value = "08/06/2000"; VariantName = "[No Variations]"
Add component (AddParameter): Name = "Publisher"; Value = "Altium Hobart Technology Centre"; VariantName = "[No Variations]"
Add component (AddParameter): Name = "SubClass"; Value = "R"; VariantName = "[No Variations]"
Added Component: Designator=Relay 6 1(Relay 6 pin SMIH-SL-A)
Added Component: Designator=Relay 6 2(Relay 6 pin SMIH-SL-A)
Added Component: Designator=RV(D12.5xW5.1xH15.5xP0.8)
Add component (AddParameter): Name = "(Channel) Input Capacitance"; Value = "4250pF"; VariantName = "[No Variations]"
Add component (AddParameter): Name = "(Reverse) Breakdown Voltage"; Value = "33V"; VariantName = "[No Variations]"
Add component (AddParameter): Name = "(Reverse) Peak Pulse Current"; Value = "500A"; VariantName = "[No Variations]"
Add component (AddParameter): Name = "AC Operating Voltage"; Value = "20V"; VariantName = "[No Variations]"
Add component (AddParameter): Name = "Clamping Voltage"; Value = "65V"; VariantName = "[No Variations]"
Add component (AddParameter): Name = "ComponentLink1Description"; Value = "Manufacturer"; VariantName = "[No Variations]"
Add component (AddParameter): Name = "ComponentLink1URL"; Value = "http://www.we-online.de"; VariantName = "[No Variations]"
Add component (AddParameter): Name = "ComponentLink2Description"; Value = "Datasheet"; VariantName = "[No Variations]"
Add component (AddParameter): Name = "ComponentLink2URL"; Value = "https://www.we-online.com/catalog/datasheet/820512001.pdf"; VariantName = "[No Variations]"
Add component (AddParameter): Name = "DC Operating Voltage"; Value = "26V"; VariantName = "[No Variations]"
Add component (AddParameter): Name = "Diameter"; Value = "12.5mm"; VariantName = "[No Variations]"
Add component (AddParameter): Name = "Energy Absorbtion"; Value = "4.4J"; VariantName = "[No Variations]"
Add component (AddParameter): Name = "Height max."; Value = "15.5mm"; VariantName = "[No Variations]"
Add component (AddParameter): Name = "Manufacturer"; Value = "Wurth Elektronik"; VariantName = "[No Variations]"
Add component (AddParameter): Name = "Manufacturer Part Number"; Value = "820512001"; VariantName = "[No Variations]"
Add component (AddParameter): Name = "Mounting Technology"; Value = "THT"; VariantName = "[No Variations]"
Add component (AddParameter): Name = "Operating Temperature"; Value = "-40 to +85degC"; VariantName = "[No Variations]"
Add component (AddParameter): Name = "Packaging"; Value = "Tape and Reel"; VariantName = "[No Variations]"
Add component (AddParameter): Name = "Power Dissipation"; Value = "0.05W"; VariantName = "[No Variations]"
Add component (AddParameter): Name = "Published Date"; Value = "April 2020"; VariantName = "[No Variations]"
Add component (AddParameter): Name = "Width max."; Value = "5.1mm"; VariantName = "[No Variations]"
Add component (AddParameter): Name = "Width typ."; Value = "3.3mm"; VariantName = "[No Variations]"
Added Pin To Net: NetName=COM Pin=*-4
Added Pin To Net: NetName=PM IN Pin=1-1
Added Pin To Net: NetName=CR Pin=1-2
Added Pin To Net: NetName=PM GND Pin=1-3
Added Pin To Net: NetName=AI2 Pin=1-4
Added Pin To Net: NetName=AI1 Pin=1-5
Added Pin To Net: NetName=COM Pin=1-6
Added Pin To Net: NetName=COM Pin=2-1
Added Pin To Net: NetName=BI2 Pin=2-2
Added Pin To Net: NetName=BI1 Pin=2-3
Added Pin To Net: NetName=- Pin=2-5
Added Pin To Net: NetName=-V IN Pin=2-6
Added Pin To Net: NetName=- Pin=3-1
Added Pin To Net: NetName=+V IN Pin=3-2
Added Pin To Net: NetName=D+ Pin=3-3
Added Pin To Net: NetName=SCR Pin=4-1
Added Pin To Net: NetName=MPU- Pin=4-3
Added Pin To Net: NetName=ACT Pin=4-4
Added Pin To Net: NetName=MPU+ Pin=4-5
Added Pin To Net: NetName=+ Pin=D1-1
Added Pin To Net: NetName=+ Pin=D1-2
Added Pin To Net: NetName=+ Pin=D2-2
Added Pin To Net: NetName=+ Pin=J5-2
Added Pin To Net: NetName=- Pin=J6-2
Added Pin To Net: NetName=- Pin=J7-5
Added Pin To Net: NetName=- Pin=J7-7
Added Pin To Net: NetName=- Pin=J8-1
Added Pin To Net: NetName=COM Pin=J9-3
Added Pin To Net: NetName=- Pin=J12-2
Added Pin To Net: NetName=+ Pin=R2-1
Added Pin To Net: NetName=V+ Pin=Relay 6 1-14
Added Pin To Net: NetName=V+ Pin=Relay 6 1-14
Added Pin To Net: NetName=+ Pin=Relay 6 2-12
Added Pin To Net: NetName=+ Pin=Relay 6 2-12
Added Pin To Net: NetName=V+ Pin=RV-1
Added Pin To Net: NetName=- Pin=RV-2
Added Pin To Net: NetName=V+ Pin=XF1-1
Added Pin To Net: NetName=+ Pin=XF1-2
Added Pin To Net: NetName=V+ Pin=XF2-1
Added Pin To Net: NetName=V+ Pin=XF3-2
Added Pin To Net: NetName=ACT 1 Pin=4-6
Added Pin To Net: NetName=ACT 1 Pin=J10-1
Added Net: Name=ACT 1
Added Pin To Net: NetName=B03 Pin=J7-3
Added Net: Name=B03
Added Pin To Net: NetName=B04 Pin=J7-2
Added Net: Name=B04
Added Pin To Net: NetName=B05 Pin=D1-1
Added Pin To Net: NetName=B05 Pin=J5-1
Added Pin To Net: NetName=B05 Pin=J7-1
Added Pin To Net: NetName=B05 Pin=R1-1
Added Net: Name=B05
Added Pin To Net: NetName=COM RL1 Pin=2-4
Added Net: Name=COM RL1
Added Pin To Net: NetName=COM RL2 Pin=Relay 6 1-12
Added Pin To Net: NetName=COM RL2 Pin=Relay 6 1-12
Added Net: Name=COM RL2
Added Pin To Net: NetName=COM RL3 Pin=Relay 6 1-12
Added Pin To Net: NetName=COM RL3 Pin=Relay 6 1-12
Added Net: Name=COM RL3
Added Pin To Net: NetName=CS Pin=J8-3
Added Net: Name=CS
Added Pin To Net: NetName=F3 Pin=3-4
Added Pin To Net: NetName=F3 Pin=XF3-1
Added Net: Name=F3
Added Pin To Net: NetName=F4 Pin=3-6
Added Pin To Net: NetName=F4 Pin=XF4-1
Added Net: Name=F4
Added Pin To Net: NetName=GR Pin=J8-4
Added Net: Name=GR
Added Pin To Net: NetName=J62 Pin=J6-1
Added Net: Name=J62
Added Pin To Net: NetName=J71 Pin=D2-1
Added Pin To Net: NetName=J71 Pin=D2-2
Added Pin To Net: NetName=J71 Pin=J7-6
Added Pin To Net: NetName=J71 Pin=Relay 6 1-A1
Added Net: Name=J71
Added Pin To Net: NetName=NC Pin=*-2
Added Pin To Net: NetName=NC Pin=J9-1
Added Net: Name=NC
Added Pin To Net: NetName=NetD1_2 Pin=D1-2
Added Pin To Net: NetName=NetD1_2 Pin=R1-2
Added Net: Name=NetD1_2
Added Pin To Net: NetName=NetD2_1 Pin=D2-1
Added Pin To Net: NetName=NetD2_1 Pin=R2-2
Added Net: Name=NetD2_1
Added Pin To Net: NetName=NetRelay 6 2_14 Pin=Relay 6 2-14
Added Pin To Net: NetName=NetRelay 6 2_14 Pin=Relay 6 2-14
Added Pin To Net: NetName=NetRelay 6 2_14 Pin=XF4-2
Added Net: Name=NetRelay 6 2_14
Added Pin To Net: NetName=NO Pin=*-3
Added Pin To Net: NetName=NO Pin=J9-2
Added Net: Name=NO
Added Pin To Net: NetName=RL4 + Pin=J10-4
Added Net: Name=RL4 +
Added Pin To Net: NetName=RL - Pin=4-2
Added Pin To Net: NetName=RL - Pin=J10-3
Added Net: Name=RL -
Added Pin To Net: NetName=Rs Pin=J8-2
Added Net: Name=Rs
Added Member To Class: ClassName=SCH_onelayer Member=Component *? relay 6 pin
Added Member To Class: ClassName=SCH_onelayer Member=Component * Relay G2RL-1-24VDC
Added Member To Class: ClassName=SCH_onelayer Member=Component * relay 6 pin
Added Member To Class: ClassName=SCH_onelayer Member=Component 1 Domino AML-6-1853531
Added Member To Class: ClassName=SCH_onelayer Member=Component 2 Domino AML-6-1853531
Added Member To Class: ClassName=SCH_onelayer Member=Component 3 Domino AML-6-1853531
Added Member To Class: ClassName=SCH_onelayer Member=Component 4 Domino AML-6-1853531
Added Member To Class: ClassName=SCH_onelayer Member=Component D1 Super Red, 2V, 40deg
Added Member To Class: ClassName=SCH_onelayer Member=Component D2 Diode
Added Member To Class: ClassName=SCH_onelayer Member=Component D2 Super Red, 2V, 40deg
Added Member To Class: ClassName=SCH_onelayer Member=Component D? Diode
Added Member To Class: ClassName=SCH_onelayer Member=Component D? Diode
Added Member To Class: ClassName=SCH_onelayer Member=Component D? Diode
Added Member To Class: ClassName=SCH_onelayer Member=Component D? Diode
Added Member To Class: ClassName=SCH_onelayer Member=Component R1 Res
Added Member To Class: ClassName=SCH_onelayer Member=Component R2 Res
Added Member To Class: ClassName=SCH_onelayer Member=Component Relay 6 1
Added Member To Class: ClassName=SCH_onelayer Member=Component Relay 6 2
Added Member To Class: ClassName=SCH_onelayer Member=Component RV 820512001
Added Room: Name=SCH_onelayer
